 Z0             1.00000     0.00000
 SA             1.00000   198.82138
 SSA            1.00000   243.88693
 MSM            1.00000   186.61224
 MM             1.00000   124.46334
 MSF            1.00000   311.07559
 MF             1.00000   194.96252
 ALP1           1.07040   229.95506
 2Q1            1.07507    55.56863
 SIG1           1.05529   355.94003
 Q1             1.06199   181.45062
 RHO1           1.02716   122.64034
 O1             1.05050   307.11285
 TAU1           0.98558    13.65674
 BET1           1.06599   311.54114
 NO1            1.38739   235.04160
 CHI1           1.06374   158.50983
 PI1            0.99857    69.67477
 P1             0.99628   268.72827
 S1             0.69049   144.00285
 K1             1.03550   340.39124
 PSI1           1.00374   171.83025
 PHI1           1.01115   215.65207
 THE1           1.07701   170.57503
 J1             1.06728   112.65421
 OO1            1.32936   205.53261
 UPS1           1.27816   327.85825
 OQ2            1.09005   268.34836
 EPS2           1.01687   211.17508
 2N2            1.03830    35.34604
 MU2            0.99930   338.84488
 N2             0.99384   166.81641
 NU2            0.99655   104.53959
 GAM2           0.99532   162.11494
 H1             1.02613   273.24222
 M2             0.99392   291.15161
 H2             0.99616   128.97188
 LDA2           0.99257   298.07767
 L2             0.76653   246.43236
 T2             1.00000    41.17865
 S2             1.00056   239.88121
 R2             1.23506   263.39603
 K2             1.06990   141.34778
 ETA2           1.19420   280.67026
 M3             0.99097    76.59135
     46 2PO1           1.04270   230.34369
     47 SO1            1.05108   -67.23163
     48 ST36           0.98289   269.35718
     49 2NS2           0.98826    93.75159
     50 ST37           0.98297   393.69235
     51 ST1            1.05793    -4.78184
     52 ST2            1.05802   119.55335
     53 ST3            1.13144   539.48889
     54 O2             1.10354   614.22571
     55 ST4            1.13890   -30.25047
     56 SNK2           1.06390   265.34985
     57 OP2            1.04659   575.84106
     58 MKS2           1.06399   192.61816
     59 ST5            1.13900    94.08472
     60 ST6            1.05802   214.07947
     61 2SK2           1.07110   338.41464
     62 MSN2           0.98835   364.21643
     63 ST7            1.13135   167.14954
     64 2SM2           0.99503   188.61084
     65 ST38           0.97628   488.55164
     66 SKM2           1.06399    90.07742
     67 2SN2           0.99495   312.94601
     68 NO3            1.04402   473.92926
     69 MO3            1.04411   598.26447
     70 NK3            1.02912   507.20764
     71 SO3            1.05108   546.99408
     72 MK3            1.02921   631.54285
     73 SP3            0.99684   508.60950
     74 SK3            1.03608   580.27246
     75 ST8            0.98234   509.23837
     76 N4             0.98771   333.63281
     77 3MS4           0.98242   633.57355
     78 ST39           1.05743   556.50146
     79 MN4            0.98779   457.96802
     80 ST40           1.05752   680.83667
     81 ST9            1.05743   359.43457
     82 M4             0.98788   582.30322
     83 ST10           1.05752   483.76974
     84 SN4            0.99439   406.69763
     85 KN4            1.06330   308.16418
     86 MS4            0.99448   531.03284
     87 MK4            1.06340   432.49939
     88 SL4            0.76696   486.31360
     89 S4             1.00112   479.76242
     90 SK4            1.07050   381.22900
     91 MNO5           1.03767   765.08087
     92 2MO5           1.03777   889.41602
     93 3MP5           0.97823   604.72656
     94 MNK5           1.02286   798.35931
     95 2MP5           0.98421   851.03143
     96 2MK5           1.02295   922.69452
     97 MSK5           1.02978   871.42407
     98 3KM5           1.10115   772.89056
     99 2SK5           1.03666   820.15369
    100 ST11           1.05082   401.91577
    101 2NM6           0.98170   624.78442
    102 ST12           1.05091   526.25098
    103 ST41           1.05110   971.98828
    104 2MN6           0.98179   749.11963
    105 ST13           1.05100   650.58612
    106 M6             0.98188   873.45477
    107 MSN6           0.98835   697.84924
    108 MKN6           1.05684   599.31580
    109 2MS6           0.98843   822.18445
    110 2MK6           1.05693   723.65100
    111 NSK6           1.06390   548.04541
    112 2SM6           0.99503   770.91406
    113 MSK6           1.06399   672.38062
    114 ST42           1.05811   920.71790
    115 S6             1.00168   719.64362
    116 ST14           1.03137  1056.23242
    117 ST15           1.01656   965.17572
    118 M7             0.97889  1019.03058
    119 ST16           1.03834  1129.29724
    120 3MK7           1.01674  1213.84607
    121 ST17           1.11772   979.49347
    122 ST18           0.97574   915.93604
    123 3MN8           0.97582  1040.27124
    124 ST19           1.04462   941.73773
    125 M8             0.97591  1164.60645
    126 ST20           0.98234   989.00085
    127 ST21           1.05042   890.46741
    128 3MS8           0.98242  1113.33606
    129 3MK8           1.05051  1014.80255
    130 ST22           1.05743   839.19702
    131 ST23           0.98898  1062.06567
    132 ST24           1.05752   963.53223
    133 ST25           1.01038  1256.32727
    134 ST26           1.01047  1380.66248
    135 4MK9           1.01056  1504.99768
    136 ST27           1.01730  1453.72729
    137 ST28           0.96989  1331.42285
    138 M10            0.96998  1455.75806
    139 ST29           0.97637  1280.15247
    140 ST30           0.97645  1404.48767
    141 ST31           1.05100  1130.34863
    142 ST32           0.98297  1353.21729
    143 ST33           1.01112  1744.87891
    144 M12            0.96408  1746.90955
    145 ST34           0.97052  1695.63916
    146 ST35           1.04462  1421.50024
